<?xml version="1.0" encoding="UTF-8"?>
<!-- Generated by org.testng.reporters.JUnitReportReporter -->
<testsuite hostname="DESKTOP-38N5MKA" failures="0" tests="1" name="basicTextScripts.ToCreateProduct" time="0.037" errors="0" timestamp="2023-10-10T14:23:15 IST" skipped="0">
  <testcase classname="basicTextScripts.ToCreateProduct" name="createProduct" time="0.037"/>
</testsuite> <!-- basicTextScripts.ToCreateProduct -->
