<?xml version="1.0" encoding="UTF-8"?>
<!-- Generated by org.testng.reporters.JUnitReportReporter -->
<testsuite hostname="DESKTOP-38N5MKA" failures="0" tests="3" name="testNG.DisableTestCase" time="0.017" errors="0" timestamp="2023-10-06T16:09:59 IST" skipped="1">
  <testcase classname="testNG.DisableTestCase" name="goodMorning" time="0.014"/>
  <testcase classname="testNG.DisableTestCase" name="work" time="0.003"/>
  <testcase classname="testNG.DisableTestCase" name="breakFast">
    <skipped/>
  </testcase> <!-- breakFast -->
</testsuite> <!-- testNG.DisableTestCase -->
