<?xml version="1.0" encoding="UTF-8"?>
<!-- Generated by org.testng.reporters.JUnitReportReporter -->
<testsuite hostname="DESKTOP-38N5MKA" failures="0" tests="5" name="testNG.SetPriority" time="0.042" errors="0" timestamp="2023-10-05T16:10:41 IST" skipped="0">
  <testcase classname="testNG.SetPriority" name="login" time="0.017"/>
  <testcase classname="testNG.SetPriority" name="searchProduct" time="0.006"/>
  <testcase classname="testNG.SetPriority" name="addToCart" time="0.009"/>
  <testcase classname="testNG.SetPriority" name="payment" time="0.005"/>
  <testcase classname="testNG.SetPriority" name="logout" time="0.005"/>
</testsuite> <!-- testNG.SetPriority -->
