<?xml version="1.0" encoding="UTF-8"?>
<!-- Generated by org.testng.reporters.JUnitReportReporter -->
<testsuite hostname="DESKTOP-38N5MKA" failures="0" tests="5" name="testNG.RunMultipleTimes" time="0.108" errors="0" timestamp="2023-10-06T15:36:25 IST" skipped="0">
  <testcase classname="testNG.RunMultipleTimes" name="goodMorning" time="0.043"/>
  <testcase classname="testNG.RunMultipleTimes" name="breakFast" time="0.002"/>
  <testcase classname="testNG.RunMultipleTimes" name="breakFast" time="0.042"/>
  <testcase classname="testNG.RunMultipleTimes" name="breakFast" time="0.011"/>
  <testcase classname="testNG.RunMultipleTimes" name="work" time="0.010"/>
</testsuite> <!-- testNG.RunMultipleTimes -->
