<?xml version="1.0" encoding="UTF-8"?>
<!-- Generated by org.testng.reporters.JUnitReportReporter -->
<testsuite hostname="DESKTOP-38N5MKA" failures="0" tests="5" name="testNG.DataProviderTest" time="0.035" errors="0" timestamp="2023-10-06T16:06:19 IST" skipped="0">
  <testcase classname="testNG.DataProviderTest" name="test" time="0.011"/>
  <testcase classname="testNG.DataProviderTest" name="test" time="0.005"/>
  <testcase classname="testNG.DataProviderTest" name="test" time="0.008"/>
  <testcase classname="testNG.DataProviderTest" name="test" time="0.005"/>
  <testcase classname="testNG.DataProviderTest" name="test" time="0.006"/>
</testsuite> <!-- testNG.DataProviderTest -->
