<?xml version="1.0" encoding="UTF-8"?>
<!-- Generated by org.testng.reporters.JUnitReportReporter -->
<testsuite hostname="DESKTOP-38N5MKA" failures="0" tests="3" name="testNG.Priority" time="0.028" errors="0" timestamp="2023-10-05T16:00:14 IST" skipped="0">
  <testcase classname="testNG.Priority" name="akash" time="0.003"/>
  <testcase classname="testNG.Priority" name="Ramesh" time="0.015"/>
  <testcase classname="testNG.Priority" name="Vikash" time="0.010"/>
</testsuite> <!-- testNG.Priority -->
